C:\Project\Pacman\Debug\Pacman.pdb
C:\Project\Pacman\Pacman\Debug\anim.obj
C:\PROJECT\PACMAN\PACMAN\DEBUG\APP_WINDOW.OBJ
C:\PROJECT\PACMAN\PACMAN\DEBUG\BORDER.OBJ
C:\PROJECT\PACMAN\PACMAN\DEBUG\CHARACTERS.OBJ
C:\Project\Pacman\Pacman\Debug\cl.command.1.tlog
C:\Project\Pacman\Pacman\Debug\CL.read.1.tlog
C:\Project\Pacman\Pacman\Debug\CL.write.1.tlog
C:\PROJECT\PACMAN\PACMAN\DEBUG\DIRECTION.OBJ
C:\PROJECT\PACMAN\PACMAN\DEBUG\DRAW.OBJ
C:\Project\Pacman\Pacman\Debug\features.obj
C:\Project\Pacman\Pacman\Debug\frames.obj
C:\PROJECT\PACMAN\PACMAN\DEBUG\GAME.OBJ
C:\PROJECT\PACMAN\PACMAN\DEBUG\IMG_LOAD.OBJ
C:\PROJECT\PACMAN\PACMAN\DEBUG\IN.OBJ
C:\Project\Pacman\Pacman\Debug\link.1108.read.1.tlog
C:\Project\Pacman\Pacman\Debug\link.1108.write.1.tlog
C:\Project\Pacman\Pacman\Debug\link.1108-cvtres.read.1.tlog
C:\Project\Pacman\Pacman\Debug\link.1108-cvtres.write.1.tlog
C:\Project\Pacman\Pacman\Debug\link.1276.read.1.tlog
C:\Project\Pacman\Pacman\Debug\link.1276.write.1.tlog
C:\Project\Pacman\Pacman\Debug\link.1276-cvtres.read.1.tlog
C:\Project\Pacman\Pacman\Debug\link.1276-cvtres.write.1.tlog
C:\Project\Pacman\Pacman\Debug\link.3296.read.1.tlog
C:\Project\Pacman\Pacman\Debug\link.3296.write.1.tlog
C:\Project\Pacman\Pacman\Debug\link.3296-cvtres.read.1.tlog
C:\Project\Pacman\Pacman\Debug\link.3296-cvtres.write.1.tlog
C:\Project\Pacman\Pacman\Debug\link.4148.read.1.tlog
C:\Project\Pacman\Pacman\Debug\link.4148.write.1.tlog
C:\Project\Pacman\Pacman\Debug\link.4148-cvtres.read.1.tlog
C:\Project\Pacman\Pacman\Debug\link.4148-cvtres.write.1.tlog
C:\Project\Pacman\Pacman\Debug\link.4164.read.1.tlog
C:\Project\Pacman\Pacman\Debug\link.4164.write.1.tlog
C:\Project\Pacman\Pacman\Debug\link.4164-cvtres.read.1.tlog
C:\Project\Pacman\Pacman\Debug\link.4164-cvtres.write.1.tlog
C:\Project\Pacman\Pacman\Debug\link.4804.read.1.tlog
C:\Project\Pacman\Pacman\Debug\link.4804.write.1.tlog
C:\Project\Pacman\Pacman\Debug\link.4804-cvtres.read.1.tlog
C:\Project\Pacman\Pacman\Debug\link.4804-cvtres.write.1.tlog
C:\Project\Pacman\Pacman\Debug\link.5312.read.1.tlog
C:\Project\Pacman\Pacman\Debug\link.5312.write.1.tlog
C:\Project\Pacman\Pacman\Debug\link.5312-cvtres.read.1.tlog
C:\Project\Pacman\Pacman\Debug\link.5312-cvtres.write.1.tlog
C:\Project\Pacman\Pacman\Debug\link.5424.read.1.tlog
C:\Project\Pacman\Pacman\Debug\link.5424.write.1.tlog
C:\Project\Pacman\Pacman\Debug\link.5424-cvtres.read.1.tlog
C:\Project\Pacman\Pacman\Debug\link.5424-cvtres.write.1.tlog
C:\Project\Pacman\Pacman\Debug\link.command.1.tlog
C:\Project\Pacman\Pacman\Debug\link.read.1.tlog
C:\Project\Pacman\Pacman\Debug\link.write.1.tlog
C:\Project\Pacman\Pacman\Debug\link-cvtres.read.1.tlog
C:\Project\Pacman\Pacman\Debug\link-cvtres.write.1.tlog
C:\PROJECT\PACMAN\PACMAN\DEBUG\MAIN.OBJ
C:\Project\Pacman\Pacman\Debug\mt.command.1.tlog
C:\Project\Pacman\Pacman\Debug\mt.read.1.tlog
C:\Project\Pacman\Pacman\Debug\mt.write.1.tlog
C:\Project\Pacman\Pacman\Debug\Pacman.exe.embed.manifest
C:\PROJECT\PACMAN\PACMAN\DEBUG\PACMAN.EXE.EMBED.MANIFEST.RES
C:\Project\Pacman\Pacman\Debug\Pacman.exe.intermediate.manifest
C:\Project\Pacman\Pacman\Debug\Pacman.vcxprojResolveAssemblyReference.cache
C:\Project\Pacman\Pacman\Debug\Pacman.write.1.tlog
C:\Project\Pacman\Pacman\Debug\Pacman_manifest.rc
C:\PROJECT\PACMAN\PACMAN\DEBUG\PHYSCS.OBJ
C:\Project\Pacman\Pacman\Debug\rc.command.1.tlog
C:\Project\Pacman\Pacman\Debug\rc.read.1.tlog
C:\Project\Pacman\Pacman\Debug\rc.write.1.tlog
C:\Project\Pacman\Pacman\Debug\render.obj
C:\Project\Pacman\Pacman\Debug\vc100.idb
C:\PROJECT\PACMAN\PACMAN\DEBUG\VC100.PDB
C:\USERS\TOTO\DESKTOP\PACMAN\DEBUG\PACMAN.EXE
C:\USERS\TOTO\DESKTOP\PACMAN\DEBUG\PACMAN.ILK
C:\USERS\TOTO\DESKTOP\PACMAN\DEBUG\PACMAN.PDB
C:\USERS\TOTO\DESKTOP\PACMAN\PACMAN\DEBUG\APP_WINDOW.OBJ
C:\USERS\TOTO\DESKTOP\PACMAN\PACMAN\DEBUG\BORDER.OBJ
C:\USERS\TOTO\DESKTOP\PACMAN\PACMAN\DEBUG\DIRECTION.OBJ
C:\USERS\TOTO\DESKTOP\PACMAN\PACMAN\DEBUG\DRAW.OBJ
C:\USERS\TOTO\DESKTOP\PACMAN\PACMAN\DEBUG\FRAMES.OBJ
C:\USERS\TOTO\DESKTOP\PACMAN\PACMAN\DEBUG\GAME.OBJ
C:\USERS\TOTO\DESKTOP\PACMAN\PACMAN\DEBUG\IMG_LOAD.OBJ
C:\USERS\TOTO\DESKTOP\PACMAN\PACMAN\DEBUG\MAIN.OBJ
C:\USERS\TOTO\DESKTOP\PACMAN\PACMAN\DEBUG\PACMAN.EXE.EMBED.MANIFEST.RES
C:\USERS\TOTO\DESKTOP\PACMAN\PACMAN\DEBUG\PACMAN.EXE.INTERMEDIATE.MANIFEST
C:\USERS\TOTO\DESKTOP\PACMAN\PACMAN\DEBUG\VC100.PDB
C:\USERS\TOTO\DESKTOP\Учеба\2курс\ЯСП\LAB_5_EXAM\PACMAN\PACMAN\DEBUG\PACMAN.EXE
C:\USERS\TOTO\DESKTOP\Учеба\2курс\ЯСП\LAB_5_EXAM\PACMAN\PACMAN\DEBUG\PACMAN.ILK
C:\USERS\TOTO\DESKTOP\УЧЕБА\2КУРС\ЯСП\LAB_5_EXAM\PACMAN\PACMAN\DEBUG\PACMAN.PDB
C:\USERS\TOTO\DESKTOP\Учеба\2курс\ЯСП\LAB_5_EXAM\PACMAN\PACMAN\PACMAN\DEBUG\ANIM.OBJ
C:\USERS\TOTO\DESKTOP\Учеба\2курс\ЯСП\LAB_5_EXAM\PACMAN\PACMAN\PACMAN\DEBUG\APP_WINDOW.OBJ
C:\USERS\TOTO\DESKTOP\Учеба\2курс\ЯСП\LAB_5_EXAM\PACMAN\PACMAN\PACMAN\DEBUG\BORDER.OBJ
C:\USERS\TOTO\DESKTOP\Учеба\2курс\ЯСП\LAB_5_EXAM\PACMAN\PACMAN\PACMAN\DEBUG\CHARACTERS.OBJ
C:\USERS\TOTO\DESKTOP\Учеба\2курс\ЯСП\LAB_5_EXAM\PACMAN\PACMAN\PACMAN\DEBUG\DIRECTION.OBJ
C:\USERS\TOTO\DESKTOP\Учеба\2курс\ЯСП\LAB_5_EXAM\PACMAN\PACMAN\PACMAN\DEBUG\DRAW.OBJ
C:\USERS\TOTO\DESKTOP\Учеба\2курс\ЯСП\LAB_5_EXAM\PACMAN\PACMAN\PACMAN\DEBUG\FEATURES.OBJ
C:\USERS\TOTO\DESKTOP\Учеба\2курс\ЯСП\LAB_5_EXAM\PACMAN\PACMAN\PACMAN\DEBUG\FRAMES.OBJ
C:\USERS\TOTO\DESKTOP\Учеба\2курс\ЯСП\LAB_5_EXAM\PACMAN\PACMAN\PACMAN\DEBUG\GAME.OBJ
C:\USERS\TOTO\DESKTOP\Учеба\2курс\ЯСП\LAB_5_EXAM\PACMAN\PACMAN\PACMAN\DEBUG\IMG_LOAD.OBJ
C:\USERS\TOTO\DESKTOP\Учеба\2курс\ЯСП\LAB_5_EXAM\PACMAN\PACMAN\PACMAN\DEBUG\IN.OBJ
C:\USERS\TOTO\DESKTOP\Учеба\2курс\ЯСП\LAB_5_EXAM\PACMAN\PACMAN\PACMAN\DEBUG\MAIN.OBJ
C:\USERS\TOTO\DESKTOP\Учеба\2курс\ЯСП\LAB_5_EXAM\PACMAN\PACMAN\PACMAN\DEBUG\PACMAN.EXE.EMBED.MANIFEST
C:\USERS\TOTO\DESKTOP\Учеба\2курс\ЯСП\LAB_5_EXAM\PACMAN\PACMAN\PACMAN\DEBUG\PACMAN.EXE.EMBED.MANIFEST.RES
C:\USERS\TOTO\DESKTOP\Учеба\2курс\ЯСП\LAB_5_EXAM\PACMAN\PACMAN\PACMAN\DEBUG\PACMAN.EXE.INTERMEDIATE.MANIFEST
C:\USERS\TOTO\DESKTOP\Учеба\2курс\ЯСП\LAB_5_EXAM\PACMAN\PACMAN\PACMAN\DEBUG\PHYSCS.OBJ
C:\USERS\TOTO\DESKTOP\Учеба\2курс\ЯСП\LAB_5_EXAM\PACMAN\PACMAN\PACMAN\DEBUG\RENDER.OBJ
C:\USERS\TOTO\DESKTOP\УЧЕБА\2КУРС\ЯСП\LAB_5_EXAM\PACMAN\PACMAN\PACMAN\DEBUG\VC100.PDB
